[2023-06-14T03:40:27.650Z] POST /auth/login
[2023-06-14T06:54:50.098Z] GET /task
[2023-06-14T06:54:50.146Z] POST /task
[2023-06-14T06:54:50.176Z] PUT /task/6489643aee47238b4d231cd8
[2023-06-14T06:54:50.187Z] DELETE /task/6489643aee47238b4d231cda
[2023-06-14T06:54:53.837Z] GET /task
[2023-06-14T06:54:53.887Z] POST /task
[2023-06-14T06:54:53.922Z] PUT /task/6489643d9bb27a1e0b8d5472
[2023-06-14T06:54:53.936Z] DELETE /task/6489643d9bb27a1e0b8d5474
[2023-06-14T06:55:50.370Z] GET /task
[2023-06-14T06:55:50.420Z] POST /task
[2023-06-14T06:55:50.458Z] PUT /task/648964763f8151a42855881d
[2023-06-14T06:55:50.483Z] DELETE /task/648964763f8151a42855881f
[2023-06-14T06:58:23.866Z] GET /task
[2023-06-14T06:58:23.914Z] POST /task
[2023-06-14T06:58:23.959Z] PUT /task/6489650f9a6425beb29a4b89
[2023-06-14T06:58:23.984Z] DELETE /task/6489650f9a6425beb29a4b8b
[2023-06-14T06:59:50.254Z] GET /task
[2023-06-14T06:59:50.297Z] POST /task
[2023-06-14T06:59:50.339Z] PUT /task/648965663b77dda17cb2971b
[2023-06-14T06:59:50.363Z] DELETE /task/648965663b77dda17cb2971d
[2023-06-14T07:00:54.360Z] GET /task
[2023-06-14T07:00:54.408Z] POST /task
[2023-06-14T07:00:54.441Z] PUT /task/648965a6043741beda5c7fe5
[2023-06-14T07:00:54.463Z] DELETE /task/648965a6043741beda5c7fe7
[2023-06-14T07:01:13.765Z] GET /task
[2023-06-14T07:01:13.807Z] POST /task
[2023-06-14T07:01:13.834Z] PUT /task/648965b944a48740d45fb2f7
[2023-06-14T07:01:13.842Z] DELETE /task/648965b944a48740d45fb2f9
[2023-06-14T07:01:21.786Z] GET /task
[2023-06-14T07:01:21.833Z] POST /task
[2023-06-14T07:01:21.856Z] PUT /task/648965c10fff5aa54d1315d7
[2023-06-14T07:01:21.866Z] DELETE /task/648965c10fff5aa54d1315d9
[2023-06-14T07:01:32.130Z] GET /task
[2023-06-14T07:01:32.176Z] POST /task
[2023-06-14T07:01:32.211Z] PUT /task/648965ccd3f2119edd436f10
[2023-06-14T07:01:32.237Z] DELETE /task/648965ccd3f2119edd436f12
[2023-06-14T07:03:20.364Z] GET /task
[2023-06-14T07:03:20.408Z] POST /task
[2023-06-14T07:03:20.430Z] PUT /task/6489663842db382821e3db1d
[2023-06-14T07:03:20.440Z] DELETE /task/6489663842db382821e3db1f
[2023-06-14T07:03:28.088Z] GET /task
[2023-06-14T07:03:28.133Z] POST /task
[2023-06-14T07:03:28.164Z] PUT /task/6489664055095b7aeea222b9
[2023-06-14T07:03:28.176Z] DELETE /task/6489664055095b7aeea222bb
[2023-06-14T07:03:34.145Z] GET /task
[2023-06-14T07:03:34.189Z] POST /task
[2023-06-14T07:03:34.212Z] PUT /task/64896646da342692a558d9a0
[2023-06-14T07:03:34.225Z] DELETE /task/64896646da342692a558d9a2
[2023-06-14T07:04:01.385Z] GET /task
[2023-06-14T07:04:01.429Z] POST /task
[2023-06-14T07:04:01.471Z] PUT /task/648966619c998cb09809909a
[2023-06-14T07:04:01.510Z] DELETE /task/648966619c998cb09809909c
[2023-06-14T07:08:40.353Z] GET /task
[2023-06-14T07:08:40.395Z] POST /task
[2023-06-14T07:08:40.420Z] PUT /task/64896778df14304a4255ca46
[2023-06-14T07:08:40.430Z] DELETE /task/$%7Btarea._id%7D
[2023-06-14T07:09:07.567Z] GET /task
[2023-06-14T07:09:07.611Z] POST /task
[2023-06-14T07:09:07.633Z] PUT /task/64896793dcd7a983f7373315
[2023-06-14T07:09:07.643Z] DELETE /task/$%7Btarea._id%7D
[2023-06-14T07:12:08.985Z] GET /task
[2023-06-14T07:12:09.066Z] POST /task
[2023-06-14T07:12:09.089Z] PUT /task/64896849a11a9ffcdfaf2668
[2023-06-14T07:12:09.100Z] DELETE /task/$%7Btarea._id%7D
[2023-06-14T07:12:44.562Z] GET /task
[2023-06-14T07:12:44.637Z] POST /task
[2023-06-14T07:12:44.658Z] PUT /task/6489686c2663f01f612aa24a
[2023-06-14T07:12:44.671Z] DELETE /task/$%7Btarea._id%7D
[2023-06-14T07:12:59.883Z] GET /task
[2023-06-14T07:12:59.961Z] POST /task
[2023-06-14T07:12:59.992Z] PUT /task/6489687bca139c0207ed9075
[2023-06-14T07:13:00.001Z] DELETE /task/$%7Btarea._id%7D
[2023-06-14T07:18:43.668Z] GET /task
[2023-06-14T07:18:43.746Z] POST /task
[2023-06-14T07:18:43.773Z] PUT /task/648969d3896f1f953a10c141
[2023-06-14T07:18:43.784Z] DELETE /task/$%7Btarea._id%7D
[2023-06-14T07:20:29.177Z] GET /task
[2023-06-14T07:20:47.251Z] POST /auth/login
[2023-06-14T07:21:15.547Z] POST /auth/login
[2023-06-14T07:21:30.752Z] GET /task
[2023-06-14T07:23:55.513Z] GET /task
[2023-06-14T07:23:55.594Z] POST /task
[2023-06-14T07:23:55.627Z] PUT /task/64896b0b9a8b76be1e02df54
[2023-06-14T07:23:55.639Z] DELETE /task/$%7Btarea._id%7D
[2023-06-14T07:23:58.680Z] GET /task/
[2023-06-14T07:24:16.867Z] GET /task
[2023-06-14T07:24:17.102Z] POST /task
[2023-06-14T07:24:17.155Z] PUT /task/64896b2177f8bdf4253fedf2
[2023-06-14T07:24:17.181Z] DELETE /task/$%7Btarea._id%7D
[2023-06-14T07:25:31.898Z] GET /task
[2023-06-14T07:25:31.937Z] POST /task
[2023-06-14T07:25:31.962Z] PUT /task/64896b6bb625cf325c217c7c
[2023-06-14T07:25:31.975Z] DELETE /task/$%7Btarea._id%7D
[2023-06-14T07:25:46.863Z] GET /task
[2023-06-14T07:25:46.912Z] POST /task
[2023-06-14T07:25:46.936Z] PUT /task/64896b7a25f9a9ae2f065b46
[2023-06-14T07:25:46.948Z] DELETE /task/$%7Btarea._id%7D
[2023-06-14T07:26:56.909Z] GET /task
[2023-06-14T07:26:56.953Z] POST /task
[2023-06-14T07:26:56.990Z] PUT /task/64896bc036d4c11de76c41be
[2023-06-14T07:26:57.020Z] DELETE /task/$%7Btarea._id%7D
[2023-06-14T07:27:14.868Z] GET /task
[2023-06-14T07:27:14.916Z] POST /task
[2023-06-14T07:27:14.953Z] PUT /task/64896bd2f08b5e99ce48f330
[2023-06-14T07:27:14.973Z] DELETE /task/$%7Btarea._id%7D
[2023-06-14T07:28:44.597Z] GET /task
[2023-06-14T07:28:44.638Z] POST /task
[2023-06-14T07:28:44.673Z] PUT /task/64896c2cb8e7a4c6642a0a38
[2023-06-14T07:28:44.680Z] DELETE /task/$%7Btarea._id%7D
[2023-06-14T07:30:35.747Z] GET /task
[2023-06-14T07:30:35.796Z] POST /task
[2023-06-14T07:30:35.822Z] PUT /task/64896c9b45e10fd5e7bb837b
[2023-06-14T07:30:35.835Z] DELETE /task/$%7Btarea._id%7D
[2023-06-14T07:36:37.806Z] GET /task
[2023-06-14T07:36:37.855Z] POST /task
[2023-06-14T07:36:37.892Z] PUT /task/64896e052f7cd09f26b9dd50
[2023-06-14T07:36:37.911Z] DELETE /task/$%7Btarea._id%7D
[2023-06-14T07:37:30.563Z] GET /task
[2023-06-14T07:37:30.603Z] POST /task
[2023-06-14T07:37:30.630Z] PUT /task/64896e3a36c64a2bdc8a375e
[2023-06-14T07:37:30.639Z] DELETE /task/$%7Btarea._id%7D
[2023-06-14T07:37:55.156Z] GET /task
[2023-06-14T07:42:50.776Z] GET /task
[2023-06-14T07:42:50.865Z] POST /task
[2023-06-14T07:42:50.891Z] PUT /task/64896f7a76a6503990c33f36
[2023-06-14T07:42:50.920Z] DELETE /task/$%7Btarea._id%7D
[2023-06-14T07:44:25.420Z] GET /task
[2023-06-14T07:44:25.501Z] POST /task
[2023-06-14T07:44:25.530Z] PUT /task/64896fd9e2eddf19b9d4d6d2
[2023-06-14T07:44:25.658Z] DELETE /task/$%7Btarea._id%7D
[2023-06-14T07:45:40.857Z] GET /task
[2023-06-14T07:45:40.958Z] POST /task
[2023-06-14T07:45:41.002Z] PUT /task/64897024259f6eed1ef94cc5
[2023-06-14T07:45:41.045Z] DELETE /task/$%7Btarea._id%7D
[2023-06-14T07:48:10.090Z] POST /auth/login
[2023-06-14T07:48:34.285Z] GET /task
[2023-06-14T07:48:34.375Z] POST /task
[2023-06-14T07:48:34.403Z] PUT /task/648970d22d15df9aa1659caa
[2023-06-14T07:48:34.434Z] DELETE /task/$%7Btarea._id%7D
[2023-06-14T07:48:38.981Z] POST /auth/login
[2023-06-14T07:48:59.127Z] GET /task/
[2023-06-14T07:49:25.139Z] GET /task
[2023-06-14T07:49:25.230Z] POST /task
[2023-06-14T07:49:25.260Z] PUT /task/648971056f6ba9816ec96ac9
[2023-06-14T07:49:25.294Z] DELETE /task/$%7Btarea._id%7D
[2023-06-14T07:49:31.124Z] GET /task
[2023-06-14T07:49:31.435Z] POST /task
[2023-06-14T07:49:31.489Z] PUT /task/6489710ba6088f5667b6c812
[2023-06-14T07:49:31.537Z] DELETE /task/$%7Btarea._id%7D
[2023-06-14T07:49:40.290Z] GET /task
[2023-06-14T07:49:40.568Z] POST /task
[2023-06-14T07:49:40.629Z] PUT /task/6489711437614adf0707d01e
[2023-06-14T07:49:40.687Z] DELETE /task/$%7Btarea._id%7D
[2023-06-14T07:50:16.440Z] GET /task
[2023-06-14T07:50:16.520Z] POST /task
[2023-06-14T07:50:16.544Z] PUT /task/648971381cea82dda04f4a99
[2023-06-14T07:50:16.576Z] DELETE /task/$%7Btarea._id%7D
[2023-06-14T07:51:27.340Z] GET /task
[2023-06-14T07:51:27.423Z] POST /task
[2023-06-14T07:51:27.452Z] PUT /task/6489717fddb493b315a9b6c2
[2023-06-14T07:51:27.481Z] DELETE /task/$%7Btarea._id%7D
[2023-06-14T07:51:55.270Z] GET /task
[2023-06-14T07:51:55.366Z] POST /task
[2023-06-14T07:51:55.399Z] PUT /task/6489719ba61e28f069a1be06
[2023-06-14T07:51:55.433Z] DELETE /task/$%7Btarea._id%7D
[2023-06-14T07:52:02.016Z] GET /task
[2023-06-14T07:52:02.325Z] POST /task
[2023-06-14T07:52:02.446Z] PUT /task/648971a24b5d21e1f2e5ea0a
[2023-06-14T07:52:02.504Z] DELETE /task/$%7Btarea._id%7D
[2023-06-14T07:54:05.838Z] GET /task
[2023-06-14T07:54:05.906Z] POST /task
[2023-06-14T07:54:05.957Z] PUT /task/6489721dab7a4611ea8b6819
[2023-06-14T07:54:06.023Z] DELETE /task/$%7Btarea._id%7D
[2023-06-14T08:02:32.006Z] GET /task
[2023-06-14T08:02:32.063Z] POST /task
[2023-06-14T08:02:32.089Z] PUT /task/64897418f3cea080eb4363b2
[2023-06-14T08:02:32.117Z] DELETE /task/$%7Btarea._id%7D
[2023-06-14T08:06:36.222Z] POST /task
[2023-06-14T08:06:36.274Z] PUT /task/1
[2023-06-14T08:06:36.285Z] DELETE /task/1
[2023-06-14T08:06:54.682Z] POST /task
[2023-06-14T08:06:54.747Z] PUT /task/1
[2023-06-14T08:06:54.766Z] DELETE /task/1
[2023-06-14T08:09:15.364Z] POST /task
[2023-06-14T08:09:15.417Z] PUT /task/1
[2023-06-14T08:09:15.427Z] DELETE /task/1
[2023-06-14T08:09:38.940Z] GET /task
[2023-06-14T08:09:39.009Z] POST /task
[2023-06-14T08:09:39.040Z] PUT /task/1
[2023-06-14T08:09:39.052Z] DELETE /task/1
[2023-06-14T08:10:30.889Z] GET /task
[2023-06-14T08:10:30.976Z] POST /task
[2023-06-14T08:10:31.003Z] PUT /task/1
[2023-06-14T08:10:31.014Z] DELETE /task/1
[2023-06-14T08:18:27.948Z] POST /task
[2023-06-14T08:18:28.015Z] PUT /task/1
[2023-06-14T08:18:28.029Z] DELETE /task/1
[2023-06-14T08:18:37.738Z] POST /task
[2023-06-14T08:18:37.852Z] PUT /task/1
[2023-06-14T08:18:37.984Z] DELETE /task/1
[2023-06-14T08:21:58.187Z] POST /task
[2023-06-14T08:21:58.240Z] PUT /task/1
[2023-06-14T08:21:58.250Z] DELETE /task/1
